
/home/runner/work/exp-jacobi-method-iitb/exp-jacobi-method-iitb/experiment/simulation/common_libraries/js/ts_components/collapse_step.js
   1:10  warning  'show_step' is defined but never used                 no-unused-vars
   2:5   warning  '$' is not defined                                    no-undef
   3:9   warning  '$' is not defined                                    no-undef
   6:10  warning  'hide_step' is defined but never used                 no-unused-vars
   7:5   warning  '$' is not defined                                    no-undef
   8:9   warning  '$' is not defined                                    no-undef
  11:10  warning  'get_collapse_btn_text' is defined but never used     no-unused-vars
  20:10  warning  'get_collapse_btn_element' is defined but never used  no-unused-vars
  29:10  warning  'hide_all_steps' is defined but never used            no-unused-vars
  31:9   warning  '$' is not defined                                    no-undef

/home/runner/work/exp-jacobi-method-iitb/exp-jacobi-method-iitb/experiment/simulation/common_libraries/js/ts_components/matrix.js
   27:26  warning  'MathJax' is not defined                                no-undef
   32:7   warning  'Matrix_Without_String' is defined but never used       no-unused-vars
   52:26  warning  'MathJax' is not defined                                no-undef
   56:10  warning  'get_matrix_html' is defined but never used             no-unused-vars
   87:13  warning  'row_html' is assigned a value but never used           no-unused-vars
   99:10  warning  'get_matrix_html_with_title' is defined but never used  no-unused-vars
  131:13  warning  'row_html' is assigned a value but never used           no-unused-vars
  143:10  warning  'convert_2d_to_1d_vector' is defined but never used     no-unused-vars
  156:10  warning  'convert_1d_to_2d_matrix' is defined but never used     no-unused-vars

/home/runner/work/exp-jacobi-method-iitb/exp-jacobi-method-iitb/experiment/simulation/common_libraries/js/ts_components/pannel.js
  8:7  warning  'Pannel' is defined but never used  no-unused-vars

/home/runner/work/exp-jacobi-method-iitb/exp-jacobi-method-iitb/experiment/simulation/common_libraries/js/ts_components/questions.js
   6:17  warning  'op1' is assigned a value but never used      no-unused-vars
   7:17  warning  'op2' is assigned a value but never used      no-unused-vars
   8:17  warning  'op3' is assigned a value but never used      no-unused-vars
   9:17  warning  'op4' is assigned a value but never used      no-unused-vars
  94:7   warning  'Question_Options' is defined but never used  no-unused-vars

/home/runner/work/exp-jacobi-method-iitb/exp-jacobi-method-iitb/experiment/simulation/common_libraries/js/ts_components/tables.js
   19:22  warning  'verify_values' is not defined                                     no-undef
  137:22  warning  'verify_values' is not defined                                     no-undef
  260:7   warning  'Verify_Rows_Cols_6_decimal_places' is defined but never used      no-unused-vars
  311:22  warning  'verify_values' is not defined                                     no-undef
  416:7   warning  'Verify_Rows_Cols_Custom_Fixed_Update1' is defined but never used  no-unused-vars
  468:7   warning  'Show_Table_Custom_Fixed' is defined but never used                no-unused-vars
  506:7   warning  'Verify_Rows_Cols_Strings' is defined but never used               no-unused-vars
  527:22  warning  'verify_values' is not defined                                     no-undef
  663:7   warning  'Display_Table' is defined but never used                          no-unused-vars

/home/runner/work/exp-jacobi-method-iitb/exp-jacobi-method-iitb/experiment/simulation/common_libraries/js/ts_math_library/general_math_functions.js
    1:10  warning  'verify_values' is defined but never used                   no-unused-vars
   17:10  warning  'random1' is defined but never used                         no-unused-vars
   21:10  warning  'std_deviation' is defined but never used                   no-unused-vars
   26:10  warning  'gauss' is defined but never used                           no-unused-vars
   56:10  warning  'hide_panel' is defined but never used                      no-unused-vars
   63:10  warning  'inverse_matrix' is defined but never used                  no-unused-vars
   96:10  warning  'matrix_multiplication' is defined but never used           no-unused-vars
  113:10  warning  'transpose_matrix' is defined but never used                no-unused-vars
  123:10  warning  'matrix_multiplication_8decimal' is defined but never used  no-unused-vars
  140:10  warning  'adjoint_2x2_matrix' is defined but never used              no-unused-vars
  145:10  warning  'find_deteminant' is defined but never used                 no-unused-vars
  174:10  warning  'get_Submatrix' is defined but never used                   no-unused-vars

/home/runner/work/exp-jacobi-method-iitb/exp-jacobi-method-iitb/experiment/simulation/common_libraries/js/ts_math_library/regression.js
   1:10  warning  'regression_linear' is defined but never used            no-unused-vars
  18:10  warning  'regression_linear_1variable' is defined but never used  no-unused-vars
  27:10  warning  'regression_linear_2variable' is defined but never used  no-unused-vars
  52:11  warning  'gauss' is not defined                                   no-undef

/home/runner/work/exp-jacobi-method-iitb/exp-jacobi-method-iitb/experiment/simulation/common_libraries/math.ob.js
  1:745  warning  'b' is already defined  no-redeclare

/home/runner/work/exp-jacobi-method-iitb/exp-jacobi-method-iitb/experiment/simulation/js/activity1.js
   20:24   warning  'MathJax' is not defined                       no-undef
   25:23   warning  'get_matrix_html_with_title' is not defined    no-undef
   42:23   warning  'get_matrix_html_with_title' is not defined    no-undef
   54:10   warning  'start_act1' is defined but never used         no-unused-vars
   59:20   warning  'get_collapse_btn_text' is not defined         no-undef
   64:44   warning  'get_matrix_html_with_title' is not defined    no-undef
   64:77   warning  'mat_a' is not defined                         no-undef
   64:182  warning  'get_matrix_html_with_title' is not defined    no-undef
   64:215  warning  'mat_c' is not defined                         no-undef
   77:5    warning  'hide_all_steps' is not defined                no-undef
   79:24   warning  'MathJax' is not defined                       no-undef
   80:24   warning  'show_step' is not defined                     no-undef
   82:10   warning  'verify_matrix_a_c' is defined but never used  no-unused-vars
   86:32   warning  'mat_a' is not defined                         no-undef
   87:32   warning  'mat_c' is not defined                         no-undef
   92:18   warning  'verify_values' is not defined                 no-undef
   92:57   warning  'mat_a' is not defined                         no-undef
  101:14   warning  'verify_values' is not defined                 no-undef
  101:53   warning  'mat_c' is not defined                         no-undef
  108:5    warning  'activity2' is not defined                     no-undef
  112:12   warning  'mat_c' is not defined                         no-undef
  113:12   warning  'mat_c' is not defined                         no-undef
  114:12   warning  'mat_c' is not defined                         no-undef
  115:5    warning  'pivoting' is not defined                      no-undef
  115:14   warning  'mat_a' is not defined                         no-undef
  116:5    warning  'mat_c' is not defined                         no-undef
  117:5    warning  'mat_c' is not defined                         no-undef
  121:24   warning  'get_matrix_html_with_title' is not defined    no-undef
  121:57   warning  'mat_a' is not defined                         no-undef
  121:162  warning  'get_matrix_html_with_title' is not defined    no-undef
  121:195  warning  'mat_c' is not defined                         no-undef

/home/runner/work/exp-jacobi-method-iitb/exp-jacobi-method-iitb/experiment/simulation/js/activity2.js
   1:10   warning  'activity2' is defined but never used         no-unused-vars
  16:5    warning  'maindiv' is not defined                      no-undef
  18:24   warning  'MathJax' is not defined                      no-undef
  20:10   warning  'start_act2' is defined but never used        no-unused-vars
  25:28   warning  'get_matrix_html_with_title' is not defined   no-undef
  42:20   warning  'get_collapse_btn_text' is not defined        no-undef
  47:44   warning  'get_matrix_html_with_title' is not defined   no-undef
  47:77   warning  'mat_a' is not defined                        no-undef
  47:182  warning  'get_matrix_html_with_title' is not defined   no-undef
  47:215  warning  'mat_c' is not defined                        no-undef
  59:5    warning  'maindiv' is not defined                      no-undef
  60:5    warning  'hide_all_steps' is not defined               no-undef
  61:24   warning  'MathJax' is not defined                      no-undef
  62:24   warning  'show_step' is not defined                    no-undef
  66:12   warning  'mat_c' is not defined                        no-undef
  67:12   warning  'mat_c' is not defined                        no-undef
  68:12   warning  'mat_c' is not defined                        no-undef
  69:5    warning  'mat_x1' is not defined                       no-undef
  69:14   warning  'iterate' is not defined                      no-undef
  69:22   warning  'mat_a' is not defined                        no-undef
  70:5    warning  'mat_c' is not defined                        no-undef
  71:5    warning  'mat_c' is not defined                        no-undef
  73:10   warning  'verify_matrix_ut' is defined but never used  no-unused-vars
  76:9    warning  'inp_c' is defined but never used             no-unused-vars
  77:33   warning  'mat_x1' is not defined                       no-undef
  82:18   warning  'verify_values_abs' is not defined            no-undef
  82:61   warning  'mat_x1' is not defined                       no-undef
  90:5    warning  'start_act3' is not defined                   no-undef
  94:43   warning  'get_matrix_html_with_title' is not defined   no-undef
  94:77   warning  'mat_x1' is not defined                       no-undef

/home/runner/work/exp-jacobi-method-iitb/exp-jacobi-method-iitb/experiment/simulation/js/activity3.js
  17:10   warning  'start_act3' is defined but never used   no-unused-vars
  22:20   warning  'get_collapse_btn_text' is not defined   no-undef
  29:62   warning  'get_matrix_html' is not defined         no-undef
  29:86   warning  'mat_x1' is not defined                  no-undef
  29:93   warning  'mat_x1' is not defined                  no-undef
  29:118  warning  'mat_x1' is not defined                  no-undef
  29:125  warning  'mat_x1' is not defined                  no-undef
  29:151  warning  'mat_x1' is not defined                  no-undef
  29:158  warning  'mat_x1' is not defined                  no-undef
  38:5    warning  'maindiv' is not defined                 no-undef
  39:5    warning  'hide_all_steps' is not defined          no-undef
  41:24   warning  'MathJax' is not defined                 no-undef
  42:24   warning  'show_step' is not defined               no-undef
  74:10   warning  'finish_act3' is defined but never used  no-unused-vars
  76:5    warning  'maindiv' is not defined                 no-undef

/home/runner/work/exp-jacobi-method-iitb/exp-jacobi-method-iitb/experiment/simulation/js/data.js
  56:5   warning  'mat_x' is assigned a value but never used     no-unused-vars
  57:5   warning  'mat_x1' is assigned a value but never used    no-unused-vars
  59:10  warning  'verify_values_abs' is defined but never used  no-unused-vars

/home/runner/work/exp-jacobi-method-iitb/exp-jacobi-method-iitb/experiment/simulation/js/gauss_ele.js
  36:10  warning  'back_sub' is defined but never used   no-unused-vars
  48:10  warning  'gauss_ele' is defined but never used  no-unused-vars

/home/runner/work/exp-jacobi-method-iitb/exp-jacobi-method-iitb/experiment/simulation/js/jacobi.js
  1:10  warning  'iterate' is defined but never used  no-unused-vars

/home/runner/work/exp-jacobi-method-iitb/exp-jacobi-method-iitb/experiment/simulation/js/screen_size.js
  1:10  warning  'set_screen_size' is defined but never used  no-unused-vars

✖ 134 problems (0 errors, 134 warnings)

